<?xml version="1.0" encoding="UTF-8"?>
<testsuite xmlns:xsi="http://www.w3.org/2001/XMLSchema-instance" xsi:noNamespaceSchemaLocation="https://maven.apache.org/surefire/maven-surefire-plugin/xsd/surefire-test-report.xsd" name="telecomunication.positive.MobilePhoneTopUpPositiveTest" time="43.438" tests="2" errors="0" skipped="0" failures="0">
  <properties>
[...]
</properties>
  <testcase name="checkMinimumTopUpAmount" classname="telecomunication.positive.MobilePhoneTopUpPositiveTest" time="28.951"/>
  <testcase name="checkIsRedirectToAuth" classname="telecomunication.positive.MobilePhoneTopUpPositiveTest" time="12.99"/>
</testsuite>